Performing C SOURCE FILE Test CMAKE_HAVE_LIBC_PTHREAD failed with the following output:
Change Dir: C:/Users/MAHESH ANANDE/AndroidStudioProjects/HolisticAi/app/.cxx/Debug/1w294c35/arm64-v8a/CMakeFiles/CMakeTmp

Run Build Command(s):C:/Users/MAHESH ANANDE/AppData/Local/Android/Sdk/cmake/3.22.1/bin/ninja.exe cmTC_a9239 && [1/2] Building C object CMakeFiles/cmTC_a9239.dir/src.c.o
C:/Users/MAHESH ANANDE/AndroidStudioProjects/HolisticAi/app/.cxx/Debug/1w294c35/arm64-v8a/CMakeFiles/CMakeTmp/src.c:13:3: warning: implicit declaration of function 'pthread_cancel' is invalid in C99 [-Wimplicit-function-declaration]
  pthread_cancel(thread);
  ^
1 warning generated.
[2/2] Linking C executable cmTC_a9239
FAILED: cmTC_a9239 
cmd.exe /C "cd . && C:\Users\MAHESH~1\AppData\Local\Android\Sdk\ndk\251~1.893\TOOLCH~1\llvm\prebuilt\WINDOW~1\bin\clang.exe --target=aarch64-none-linux-android31 --sysroot="C:/Users/MAHESH ANANDE/AppData/Local/Android/Sdk/ndk/25.1.8937393/toolchains/llvm/prebuilt/windows-x86_64/sysroot" -g -DANDROID -fdata-sections -ffunction-sections -funwind-tables -fstack-protector-strong -no-canonical-prefixes -D_FORTIFY_SOURCE=2 -Wformat -Werror=format-security -static-libstdc++ -Wl,--build-id=sha1 -Wl,--fatal-warnings -Wl,--gc-sections -Wl,--no-undefined -Qunused-arguments -Wl,--gc-sections CMakeFiles/cmTC_a9239.dir/src.c.o -o cmTC_a9239  -latomic -lm && cd ."
ld: error: undefined symbol: pthread_cancel
>>> referenced by src.c:13
>>>               CMakeFiles/cmTC_a9239.dir/src.c.o:(main)
clang: error: linker command failed with exit code 1 (use -v to see invocation)
ninja: build stopped: subcommand failed.


Source file was:
#include <pthread.h>

static void* test_func(void* data)
{
  return data;
}

int main(void)
{
  pthread_t thread;
  pthread_create(&thread, NULL, test_func, NULL);
  pthread_detach(thread);
  pthread_cancel(thread);
  pthread_join(thread, NULL);
  pthread_atfork(NULL, NULL, NULL);
  pthread_exit(NULL);

  return 0;
}

